\BOOKMARK [0][-]{dummy.1}{\376\377\000A\000b\000s\000t\000r\000a\000c\000t}{}
\BOOKMARK [0][-]{dummy.2}{\376\377\000A\000c\000k\000n\000o\000w\000l\000e\000d\000g\000e\000m\000e\000n\000t\000s}{}
\BOOKMARK [0][-]{section*.1}{\376\377\000T\000a\000b\000l\000e\000\040\000o\000f\000\040\000C\000o\000n\000t\000e\000n\000t\000s}{}
\BOOKMARK [0][-]{dummy.3}{\376\377\000L\000i\000s\000t\000\040\000o\000f\000\040\000F\000i\000g\000u\000r\000e\000s}{}
\BOOKMARK [0][-]{dummy.4}{\376\377\000L\000i\000s\000t\000\040\000o\000f\000\040\000T\000a\000b\000l\000e\000s}{}
\BOOKMARK [0][-]{dummy.5}{\376\377\000A\000b\000b\000r\000e\000v\000i\000a\000t\000i\000o\000n\000s}{}
\BOOKMARK [0][-]{dummy.6}{\376\377\000S\000y\000m\000b\000o\000l\000s}{}
\BOOKMARK [0][-]{chapter.1}{\376\377\0001\000\040\000I\000n\000t\000r\000o\000d\000u\000c\000t\000i\000o\000n}{}
\BOOKMARK [1][-]{section.1.1}{\376\377\0001\000.\0001\000\040\000T\000h\000e\000\040\000`\000B\000i\000g\000\040\000P\000i\000c\000t\000u\000r\000e\000'}{chapter.1}
\BOOKMARK [2][-]{subsection.1.1.1}{\376\377\0001\000.\0001\000.\0001\000\040\000C\000l\000i\000m\000a\000t\000e\000\040\000c\000h\000a\000n\000g\000e}{section.1.1}
\BOOKMARK [2][-]{subsection.1.1.2}{\376\377\0001\000.\0001\000.\0002\000\040\000P\000e\000a\000k\000\040\000o\000i\000l\000\040\000a\000n\000d\000\040\000r\000e\000s\000o\000u\000r\000c\000e\000\040\000d\000e\000p\000l\000e\000t\000i\000o\000n}{section.1.1}
\BOOKMARK [2][-]{subsection.1.1.3}{\376\377\0001\000.\0001\000.\0003\000\040\000I\000n\000e\000q\000u\000a\000l\000i\000t\000y\000\040\000a\000n\000d\000\040\000w\000e\000l\000l\000-\000b\000e\000i\000n\000g}{section.1.1}
\BOOKMARK [1][-]{section.1.2}{\376\377\0001\000.\0002\000\040\000C\000o\000m\000m\000u\000t\000e\000r\000\040\000e\000n\000e\000r\000g\000y\000\040\000u\000s\000e\000:\000\040\000e\000v\000e\000r\000y\000d\000a\000y\000\040\000r\000e\000a\000l\000i\000t\000i\000e\000s}{chapter.1}
\BOOKMARK [1][-]{section.1.3}{\376\377\0001\000.\0003\000\040\000T\000h\000e\000\040\000i\000m\000p\000o\000r\000t\000a\000n\000c\000e\000\040\000o\000f\000\040\000c\000o\000m\000m\000u\000t\000i\000n\000g}{chapter.1}
\BOOKMARK [2][-]{subsection.1.3.1}{\376\377\0001\000.\0003\000.\0001\000\040\000T\000r\000i\000p\000s}{section.1.3}
\BOOKMARK [2][-]{subsection.1.3.2}{\376\377\0001\000.\0003\000.\0002\000\040\000D\000i\000s\000t\000a\000n\000c\000e}{section.1.3}
\BOOKMARK [2][-]{subsection.1.3.3}{\376\377\0001\000.\0003\000.\0003\000\040\000T\000i\000m\000e}{section.1.3}
\BOOKMARK [1][-]{section.1.4}{\376\377\0001\000.\0004\000\040\000T\000h\000e\000s\000i\000s\000\040\000o\000v\000e\000r\000v\000i\000e\000w}{chapter.1}
\BOOKMARK [1][-]{section.1.5}{\376\377\0001\000.\0005\000\040\000A\000i\000m\000s\000\040\000a\000n\000d\000\040\000o\000b\000j\000e\000c\000t\000i\000v\000e\000s}{chapter.1}
\BOOKMARK [2][-]{subsection.1.5.1}{\376\377\0001\000.\0005\000.\0001\000\040\000A\000i\000m\000s}{section.1.5}
\BOOKMARK [2][-]{subsection.1.5.2}{\376\377\0001\000.\0005\000.\0002\000\040\000O\000b\000j\000e\000c\000t\000i\000v\000e\000s}{section.1.5}
\BOOKMARK [2][-]{subsection.1.5.3}{\376\377\0001\000.\0005\000.\0003\000\040\000M\000e\000t\000h\000o\000d\000s}{section.1.5}
\BOOKMARK [0][-]{chapter.2}{\376\377\0002\000\040\000P\000e\000r\000s\000o\000n\000a\000l\000\040\000t\000r\000a\000n\000s\000p\000o\000r\000t\000,\000\040\000e\000n\000e\000r\000g\000y\000\040\000a\000n\000d\000\040\000c\000o\000m\000m\000u\000t\000i\000n\000g}{}
\BOOKMARK [1][-]{section.2.1}{\376\377\0002\000.\0001\000\040\000T\000h\000e\000\040\000s\000u\000s\000t\000a\000i\000n\000a\000b\000l\000e\000\040\000m\000o\000b\000i\000l\000i\000t\000y\000\040\000p\000a\000r\000a\000d\000i\000g\000m}{chapter.2}
\BOOKMARK [2][-]{subsection.2.1.1}{\376\377\0002\000.\0001\000.\0001\000\040\000A\000c\000t\000i\000v\000e\000\040\000t\000r\000a\000v\000e\000l}{section.2.1}
\BOOKMARK [1][-]{section.2.2}{\376\377\0002\000.\0002\000\040\000C\000o\000m\000m\000u\000t\000i\000n\000g\000\040\000r\000e\000s\000e\000a\000r\000c\000h\000:\000\040\000i\000n\000d\000i\000v\000i\000d\000u\000a\000l\000\040\000t\000o\000\040\000n\000a\000t\000i\000o\000n\000a\000l\000\040\000l\000e\000v\000e\000l\000s}{chapter.2}
\BOOKMARK [2][-]{subsection.2.2.1}{\376\377\0002\000.\0002\000.\0001\000\040\000P\000e\000r\000s\000o\000n\000a\000l\000\040\000f\000a\000c\000t\000o\000r\000s\000:\000\040\000p\000s\000y\000c\000h\000o\000l\000o\000g\000y\000,\000\040\000f\000a\000m\000i\000l\000y\000\040\000a\000n\000d\000\040\000c\000o\000m\000m\000u\000n\000i\000t\000y}{section.2.2}
\BOOKMARK [2][-]{subsection.2.2.2}{\376\377\0002\000.\0002\000.\0002\000\040\000B\000e\000h\000a\000v\000i\000o\000u\000r\000a\000l\000\040\000e\000c\000o\000n\000o\000m\000i\000c\000s\000\040\000a\000n\000d\000\040\000i\000t\000s\000\040\000i\000m\000p\000a\000c\000t\000s\000\040\000o\000n\000\040\000c\000o\000m\000m\000u\000t\000i\000n\000g}{section.2.2}
\BOOKMARK [2][-]{subsection.2.2.3}{\376\377\0002\000.\0002\000.\0003\000\040\000T\000h\000e\000\040\000l\000o\000c\000a\000l\000\040\000a\000n\000d\000\040\000r\000e\000g\000i\000o\000n\000a\000l\000\040\000e\000c\000o\000n\000o\000m\000y}{section.2.2}
\BOOKMARK [2][-]{subsection.2.2.4}{\376\377\0002\000.\0002\000.\0004\000\040\000N\000a\000t\000i\000o\000n\000a\000l\000\040\000a\000n\000d\000\040\000g\000l\000o\000b\000a\000l\000\040\000c\000o\000n\000s\000i\000d\000e\000r\000a\000t\000i\000o\000n\000s}{section.2.2}
\BOOKMARK [1][-]{section.2.3}{\376\377\0002\000.\0003\000\040\000E\000n\000e\000r\000g\000y\000\040\000u\000s\000e\000\040\000a\000n\000d\000\040\000C\000O\0002\000\040\000i\000n\000\040\000t\000r\000a\000n\000s\000p\000o\000r\000t\000\040\000s\000t\000u\000d\000i\000e\000s}{chapter.2}
\BOOKMARK [2][-]{subsection.2.3.1}{\376\377\0002\000.\0003\000.\0001\000\040\000T\000h\000e\000\040\000e\000n\000e\000r\000g\000y\000\040\000c\000o\000s\000t\000s\000\040\000o\000f\000\040\000u\000r\000b\000a\000n\000\040\000f\000o\000r\000m\000:\000\040\000u\000r\000b\000a\000n\000\040\000s\000p\000r\000a\000w\000l\000\040\000a\000n\000d\000\040\000c\000o\000m\000p\000a\000c\000t\000\040\000c\000i\000t\000i\000e\000s}{section.2.3}
\BOOKMARK [2][-]{subsection.2.3.2}{\376\377\0002\000.\0003\000.\0002\000\040\000T\000h\000e\000\040\000e\000n\000e\000r\000g\000y\000\040\000c\000o\000s\000t\000s\000\040\000o\000f\000\040\000d\000i\000f\000f\000e\000r\000e\000n\000t\000\040\000t\000r\000a\000n\000s\000p\000o\000r\000t\000\040\000m\000o\000d\000e\000s}{section.2.3}
\BOOKMARK [2][-]{subsection.2.3.3}{\376\377\0002\000.\0003\000.\0003\000\040\000T\000h\000e\000\040\000c\000l\000i\000m\000a\000t\000e\000\040\000i\000m\000p\000a\000c\000t\000s\000\040\000o\000f\000\040\000t\000r\000a\000n\000s\000p\000o\000r\000t}{section.2.3}
\BOOKMARK [1][-]{section.2.4}{\376\377\0002\000.\0004\000\040\000T\000h\000e\000\040\000e\000n\000e\000r\000g\000y\000\040\000i\000m\000p\000a\000c\000t\000s\000\040\000o\000f\000\040\000c\000o\000m\000m\000u\000t\000i\000n\000g}{chapter.2}
\BOOKMARK [1][-]{section.2.5}{\376\377\0002\000.\0005\000\040\000C\000o\000m\000m\000u\000t\000i\000n\000g\000\040\000a\000n\000d\000\040\000e\000n\000e\000r\000g\000y\000\040\000u\000s\000e\000\040\000r\000e\000s\000e\000a\000r\000c\000h\000:\000\040\000t\000o\000o\000l\000s\000\040\000o\000f\000\040\000t\000h\000e\000\040\000t\000r\000a\000d\000e}{chapter.2}
\BOOKMARK [2][-]{subsection.2.5.1}{\376\377\0002\000.\0005\000.\0001\000\040\000`\000S\000c\000i\000e\000n\000t\000i\000f\000i\000c\000'\000\040\000a\000p\000p\000r\000o\000a\000c\000h\000e\000s\000\040\000t\000o\000\040\000e\000n\000e\000r\000g\000y\000\040\000a\000n\000d\000\040\000t\000r\000a\000n\000s\000p\000o\000r\000t}{section.2.5}
\BOOKMARK [2][-]{subsection.2.5.2}{\376\377\0002\000.\0005\000.\0002\000\040\000V\000i\000s\000u\000a\000l\000i\000s\000a\000t\000i\000o\000n\000\040\000m\000e\000t\000h\000o\000d\000s}{section.2.5}
\BOOKMARK [2][-]{subsection.2.5.3}{\376\377\0002\000.\0005\000.\0003\000\040\000H\000a\000r\000n\000e\000s\000s\000i\000n\000g\000\040\000t\000h\000e\000\040\000`\000d\000a\000t\000a\000\040\000d\000e\000l\000u\000g\000e\000'}{section.2.5}
\BOOKMARK [1][-]{section.2.6}{\376\377\0002\000.\0006\000\040\000C\000o\000n\000c\000e\000p\000t\000s\000\040\000i\000n\000\040\000e\000n\000e\000r\000g\000y\000\040\000a\000n\000d\000\040\000c\000o\000m\000m\000u\000t\000i\000n\000g}{chapter.2}
\BOOKMARK [1][-]{section.2.7}{\376\377\0002\000.\0007\000\040\000S\000u\000m\000m\000a\000r\000y\000\040\000o\000f\000\040\000t\000h\000e\000\040\000l\000i\000t\000e\000r\000a\000t\000u\000r\000e}{chapter.2}
\BOOKMARK [0][-]{chapter.3}{\376\377\0003\000\040\000S\000p\000a\000t\000i\000a\000l\000\040\000m\000i\000c\000r\000o\000s\000i\000m\000u\000l\000a\000t\000i\000o\000n\000\040\000a\000n\000d\000\040\000i\000t\000s\000\040\000a\000p\000p\000l\000i\000c\000a\000t\000i\000o\000n\000\040\000t\000o\000\040\000t\000r\000a\000n\000s\000p\000o\000r\000t\000\040\000p\000r\000o\000b\000l\000e\000m\000s}{}
\BOOKMARK [1][-]{section.3.1}{\376\377\0003\000.\0001\000\040\000D\000e\000f\000i\000n\000i\000t\000i\000o\000n\000s\000:\000\040\000w\000h\000a\000t\000\040\000i\000s\000\040\000s\000p\000a\000t\000i\000a\000l\000\040\000m\000i\000c\000r\000o\000s\000i\000m\000u\000l\000a\000t\000i\000o\000n\000?}{chapter.3}
\BOOKMARK [1][-]{section.3.2}{\376\377\0003\000.\0002\000\040\000T\000h\000e\000\040\000h\000i\000s\000t\000o\000r\000y\000\040\000o\000f\000\040\000s\000p\000a\000t\000i\000a\000l\000\040\000m\000i\000c\000r\000o\000s\000i\000m\000u\000l\000a\000t\000i\000o\000n}{chapter.3}
\BOOKMARK [2][-]{subsection.3.2.1}{\376\377\0003\000.\0002\000.\0001\000\040\000P\000r\000e\000-\000c\000o\000m\000p\000u\000t\000e\000r\000\040\000o\000r\000i\000g\000i\000n\000s}{section.3.2}
\BOOKMARK [2][-]{subsection.3.2.2}{\376\377\0003\000.\0002\000.\0002\000\040\000T\000h\000e\000\040\000d\000i\000g\000i\000t\000a\000l\000\040\000r\000e\000v\000o\000l\000u\000t\000i\000o\000n}{section.3.2}
\BOOKMARK [2][-]{subsection.3.2.3}{\376\377\0003\000.\0002\000.\0003\000\040\000S\000t\000a\000t\000i\000s\000t\000i\000c\000a\000l\000\040\000m\000e\000t\000h\000o\000d\000s\000\040\000f\000o\000r\000\040\000e\000s\000t\000i\000m\000a\000t\000i\000o\000n}{section.3.2}
\BOOKMARK [2][-]{subsection.3.2.4}{\376\377\0003\000.\0002\000.\0004\000\040\000M\000o\000d\000e\000r\000n\000\040\000s\000p\000a\000t\000i\000a\000l\000\040\000m\000i\000c\000r\000o\000s\000i\000m\000u\000l\000a\000t\000i\000o\000n}{section.3.2}
\BOOKMARK [1][-]{section.3.3}{\376\377\0003\000.\0003\000\040\000S\000p\000a\000t\000i\000a\000l\000\040\000m\000i\000c\000r\000o\000s\000i\000m\000u\000l\000a\000t\000i\000o\000n\000:\000\040\000s\000t\000a\000t\000e\000\040\000o\000f\000\040\000t\000h\000e\000\040\000a\000r\000t}{chapter.3}
\BOOKMARK [2][-]{subsection.3.3.1}{\376\377\0003\000.\0003\000.\0001\000\040\000T\000y\000p\000e\000s\000\040\000o\000f\000\040\000s\000p\000a\000t\000i\000a\000l\000\040\000m\000i\000c\000r\000o\000s\000i\000m\000u\000l\000a\000t\000i\000o\000n\000\040\000m\000o\000d\000e\000l\000s}{section.3.3}
\BOOKMARK [2][-]{subsection.3.3.2}{\376\377\0003\000.\0003\000.\0002\000\040\000R\000e\000w\000e\000i\000g\000h\000t\000i\000n\000g\000\040\000a\000l\000g\000o\000r\000i\000t\000h\000m\000s}{section.3.3}
\BOOKMARK [2][-]{subsection.3.3.3}{\376\377\0003\000.\0003\000.\0003\000\040\000T\000r\000a\000n\000s\000p\000o\000r\000t\000\040\000a\000p\000p\000l\000i\000c\000a\000t\000i\000o\000n\000s}{section.3.3}
\BOOKMARK [1][-]{section.3.4}{\376\377\0003\000.\0004\000\040\000M\000i\000c\000r\000o\000s\000i\000m\000u\000l\000a\000t\000i\000o\000n\000\040\000i\000n\000\040\000u\000r\000b\000a\000n\000\040\000m\000o\000d\000e\000l\000l\000i\000n\000g}{chapter.3}
\BOOKMARK [2][-]{subsection.3.4.1}{\376\377\0003\000.\0004\000.\0001\000\040\000D\000e\000d\000i\000c\000a\000t\000e\000d\000\040\000t\000r\000a\000n\000s\000p\000o\000r\000t\000\040\000m\000o\000d\000e\000l\000s}{section.3.4}
\BOOKMARK [2][-]{subsection.3.4.2}{\376\377\0003\000.\0004\000.\0002\000\040\000L\000a\000n\000d\000-\000u\000s\000e\000\040\000t\000r\000a\000n\000s\000p\000o\000r\000t\000\040\000m\000o\000d\000e\000l\000s}{section.3.4}
\BOOKMARK [1][-]{section.3.5}{\376\377\0003\000.\0005\000\040\000S\000u\000m\000m\000a\000r\000y\000:\000\040\000r\000e\000s\000e\000a\000r\000c\000h\000\040\000d\000i\000r\000e\000c\000t\000i\000o\000n\000s\000\040\000a\000n\000d\000\040\000a\000p\000p\000l\000i\000c\000a\000t\000i\000o\000n\000s}{chapter.3}
\BOOKMARK [0][-]{chapter.4}{\376\377\0004\000\040\000D\000a\000t\000a\000\040\000a\000n\000d\000\040\000m\000e\000t\000h\000o\000d\000s}{}
\BOOKMARK [1][-]{section.4.1}{\376\377\0004\000.\0001\000\040\000I\000n\000t\000r\000o\000d\000u\000c\000t\000i\000o\000n}{chapter.4}
\BOOKMARK [1][-]{section.4.2}{\376\377\0004\000.\0002\000\040\000E\000n\000e\000r\000g\000y\000\040\000u\000s\000e\000\040\000d\000a\000t\000a}{chapter.4}
\BOOKMARK [1][-]{section.4.3}{\376\377\0004\000.\0003\000\040\000S\000o\000c\000i\000a\000l\000\040\000s\000u\000r\000v\000e\000y\000\040\000d\000a\000t\000a}{chapter.4}
\BOOKMARK [2][-]{subsection.4.3.1}{\376\377\0004\000.\0003\000.\0001\000\040\000G\000e\000o\000g\000r\000a\000p\000h\000i\000c\000a\000l\000l\000y\000\040\000a\000g\000g\000r\000e\000g\000a\000t\000e\000d\000\040\000d\000a\000t\000a}{section.4.3}
\BOOKMARK [2][-]{subsection.4.3.2}{\376\377\0004\000.\0003\000.\0002\000\040\000T\000h\000e\000\040\000U\000n\000d\000e\000r\000s\000t\000a\000n\000d\000i\000n\000g\000\040\000S\000o\000c\000i\000e\000t\000y\000\040\000d\000a\000t\000a\000s\000e\000t}{section.4.3}
\BOOKMARK [2][-]{subsection.4.3.3}{\376\377\0004\000.\0003\000.\0003\000\040\000T\000h\000e\000\040\000N\000a\000t\000i\000o\000n\000a\000l\000\040\000T\000r\000a\000v\000e\000l\000\040\000S\000u\000r\000v\000e\000y}{section.4.3}
\BOOKMARK [2][-]{subsection.4.3.4}{\376\377\0004\000.\0003\000.\0004\000\040\000O\000t\000h\000e\000r\000\040\000c\000o\000m\000m\000u\000t\000i\000n\000g\000\040\000d\000a\000t\000a\000s\000e\000t\000s}{section.4.3}
\BOOKMARK [1][-]{section.4.4}{\376\377\0004\000.\0004\000\040\000G\000e\000o\000g\000r\000a\000p\000h\000i\000c\000a\000l\000\040\000d\000a\000t\000a\000:\000\040\000i\000n\000f\000r\000a\000s\000t\000r\000u\000c\000t\000u\000r\000e\000\040\000a\000n\000d\000\040\000e\000n\000v\000i\000r\000o\000n\000m\000e\000n\000t}{chapter.4}
\BOOKMARK [2][-]{subsection.4.4.1}{\376\377\0004\000.\0004\000.\0001\000\040\000I\000n\000f\000r\000a\000s\000t\000r\000u\000c\000t\000u\000r\000e}{section.4.4}
\BOOKMARK [2][-]{subsection.4.4.2}{\376\377\0004\000.\0004\000.\0002\000\040\000T\000o\000p\000o\000g\000r\000a\000p\000h\000i\000c\000\040\000d\000a\000t\000a}{section.4.4}
\BOOKMARK [2][-]{subsection.4.4.3}{\376\377\0004\000.\0004\000.\0003\000\040\000R\000e\000m\000o\000t\000e\000n\000e\000s\000s}{section.4.4}
\BOOKMARK [1][-]{section.4.5}{\376\377\0004\000.\0005\000\040\000B\000u\000i\000l\000d\000i\000n\000g\000\040\000a\000\040\000s\000p\000a\000t\000i\000a\000l\000\040\000m\000i\000c\000r\000o\000s\000i\000m\000u\000l\000a\000t\000i\000o\000n\000\040\000m\000o\000d\000e\000l\000\040\000i\000n\000\040\000R}{chapter.4}
\BOOKMARK [2][-]{subsection.4.5.1}{\376\377\0004\000.\0005\000.\0001\000\040\000W\000h\000y\000\040\000R\000?}{section.4.5}
\BOOKMARK [2][-]{subsection.4.5.2}{\376\377\0004\000.\0005\000.\0002\000\040\000I\000P\000F\000\040\000t\000h\000e\000o\000r\000y\000:\000\040\000a\000\040\000w\000o\000r\000k\000e\000d\000\040\000e\000x\000a\000m\000p\000l\000e}{section.4.5}
\BOOKMARK [2][-]{subsection.4.5.3}{\376\377\0004\000.\0005\000.\0003\000\040\000I\000m\000p\000l\000e\000m\000e\000n\000t\000i\000n\000g\000\040\000I\000P\000F\000\040\000i\000n\000\040\000R}{section.4.5}
\BOOKMARK [1][-]{section.4.6}{\376\377\0004\000.\0006\000\040\000M\000o\000d\000e\000l\000\040\000c\000h\000e\000c\000k\000i\000n\000g\000\040\000a\000n\000d\000\040\000v\000a\000l\000i\000d\000a\000t\000i\000o\000n}{chapter.4}
\BOOKMARK [2][-]{subsection.4.6.1}{\376\377\0004\000.\0006\000.\0001\000\040\000M\000o\000d\000e\000l\000\040\000c\000h\000e\000c\000k\000i\000n\000g}{section.4.6}
\BOOKMARK [2][-]{subsection.4.6.2}{\376\377\0004\000.\0006\000.\0002\000\040\000M\000o\000d\000e\000l\000\040\000v\000a\000l\000i\000d\000a\000t\000i\000o\000n}{section.4.6}
\BOOKMARK [2][-]{subsection.4.6.3}{\376\377\0004\000.\0006\000.\0003\000\040\000A\000d\000d\000i\000t\000i\000o\000n\000a\000l\000\040\000v\000a\000l\000i\000d\000a\000t\000i\000o\000n\000\040\000m\000e\000t\000h\000o\000d\000s}{section.4.6}
\BOOKMARK [1][-]{section.4.7}{\376\377\0004\000.\0007\000\040\000I\000n\000t\000e\000g\000e\000r\000i\000s\000a\000t\000i\000o\000n}{chapter.4}
\BOOKMARK [2][-]{subsection.4.7.1}{\376\377\0004\000.\0007\000.\0001\000\040\000M\000e\000t\000h\000o\000d}{section.4.7}
\BOOKMARK [2][-]{subsection.4.7.2}{\376\377\0004\000.\0007\000.\0002\000\040\000R\000e\000s\000u\000l\000t\000s}{section.4.7}
\BOOKMARK [2][-]{subsection.4.7.3}{\376\377\0004\000.\0007\000.\0003\000\040\000D\000i\000s\000c\000u\000s\000s\000i\000o\000n\000\040\000a\000n\000d\000\040\000c\000o\000n\000c\000l\000u\000s\000i\000o\000n\000s}{section.4.7}
\BOOKMARK [0][-]{chapter.5}{\376\377\0005\000\040\000E\000n\000e\000r\000g\000y\000\040\000u\000s\000e\000\040\000i\000n\000\040\000p\000e\000r\000s\000o\000n\000a\000l\000\040\000t\000r\000a\000v\000e\000l\000\040\000s\000y\000s\000t\000e\000m\000s}{}
\BOOKMARK [1][-]{section.5.1}{\376\377\0005\000.\0001\000\040\000F\000u\000n\000d\000a\000m\000e\000n\000t\000a\000l\000s\000\040\000o\000f\000\040\000e\000n\000e\000r\000g\000y\000\040\000u\000s\000e\000\040\000i\000n\000\040\000t\000r\000a\000n\000s\000p\000o\000r\000t}{chapter.5}
\BOOKMARK [2][-]{subsection.5.1.1}{\376\377\0005\000.\0001\000.\0001\000\040\000T\000h\000e\000\040\000f\000a\000c\000t\000o\000r\000s\000\040\000d\000r\000i\000v\000i\000n\000g\000\040\000e\000n\000e\000r\000g\000y\000\040\000u\000s\000e\000\040\000i\000n\000\040\000t\000r\000a\000n\000s\000p\000o\000r\000t}{section.5.1}
\BOOKMARK [2][-]{subsection.5.1.2}{\376\377\0005\000.\0001\000.\0002\000\040\000S\000y\000s\000t\000e\000m\000\040\000b\000o\000u\000n\000d\000a\000r\000i\000e\000s}{section.5.1}
\BOOKMARK [2][-]{subsection.5.1.3}{\376\377\0005\000.\0001\000.\0003\000\040\000E\000a\000r\000l\000y\000\040\000q\000u\000a\000n\000t\000i\000f\000i\000c\000a\000t\000i\000o\000n\000s\000\040\000o\000f\000\040\000e\000n\000e\000r\000g\000y\000\040\000u\000s\000e\000\040\000i\000n\000\040\000t\000r\000a\000n\000s\000p\000o\000r\000t}{section.5.1}
\BOOKMARK [1][-]{section.5.2}{\376\377\0005\000.\0002\000\040\000D\000i\000r\000e\000c\000t\000\040\000e\000n\000e\000r\000g\000y\000\040\000u\000s\000e\000:\000\040\000p\000u\000b\000l\000i\000s\000h\000e\000d\000\040\000e\000s\000t\000i\000m\000a\000t\000e\000s}{chapter.5}
\BOOKMARK [1][-]{section.5.3}{\376\377\0005\000.\0003\000\040\000C\000a\000l\000c\000u\000l\000a\000t\000i\000n\000g\000\040\000s\000y\000s\000t\000e\000m\000\040\000l\000e\000v\000e\000l\000\040\000e\000n\000e\000r\000g\000y\000\040\000u\000s\000e}{chapter.5}
\BOOKMARK [2][-]{subsection.5.3.1}{\376\377\0005\000.\0003\000.\0001\000\040\000T\000h\000e\000\040\000e\000m\000b\000e\000d\000d\000e\000d\000\040\000e\000n\000e\000r\000g\000y\000\040\000o\000f\000\040\000f\000u\000e\000l}{section.5.3}
\BOOKMARK [2][-]{subsection.5.3.2}{\376\377\0005\000.\0003\000.\0002\000\040\000V\000e\000h\000i\000c\000l\000e\000\040\000m\000a\000n\000u\000f\000a\000c\000t\000u\000r\000e}{section.5.3}
\BOOKMARK [2][-]{subsection.5.3.3}{\376\377\0005\000.\0003\000.\0003\000\040\000G\000u\000i\000d\000e\000w\000a\000y\000\040\000m\000a\000n\000u\000f\000a\000c\000t\000u\000r\000e}{section.5.3}
\BOOKMARK [1][-]{section.5.4}{\376\377\0005\000.\0004\000\040\000A\000d\000d\000i\000t\000i\000o\000n\000a\000l\000\040\000f\000a\000c\000t\000o\000r\000s\000\040\000a\000f\000f\000e\000c\000t\000i\000n\000g\000\040\000e\000n\000e\000r\000g\000y\000\040\000u\000s\000e}{chapter.5}
\BOOKMARK [2][-]{subsection.5.4.1}{\376\377\0005\000.\0004\000.\0001\000\040\000F\000r\000e\000q\000u\000e\000n\000c\000y\000\040\000o\000f\000\040\000t\000r\000i\000p}{section.5.4}
\BOOKMARK [2][-]{subsection.5.4.2}{\376\377\0005\000.\0004\000.\0002\000\040\000O\000c\000c\000u\000p\000a\000n\000c\000y}{section.5.4}
\BOOKMARK [2][-]{subsection.5.4.3}{\376\377\0005\000.\0004\000.\0003\000\040\000E\000f\000f\000i\000c\000i\000e\000n\000c\000y\000\040\000i\000m\000p\000a\000c\000t\000s\000\040\000o\000f\000\040\000t\000r\000i\000p\000\040\000d\000i\000s\000t\000a\000n\000c\000e}{section.5.4}
\BOOKMARK [2][-]{subsection.5.4.4}{\376\377\0005\000.\0004\000.\0004\000\040\000C\000i\000r\000c\000u\000i\000t\000y}{section.5.4}
\BOOKMARK [2][-]{subsection.5.4.5}{\376\377\0005\000.\0004\000.\0005\000\040\000E\000f\000f\000i\000c\000i\000e\000n\000c\000y\000\040\000i\000m\000p\000a\000c\000t\000s\000\040\000o\000f\000\040\000c\000o\000n\000g\000e\000s\000t\000i\000o\000n}{section.5.4}
\BOOKMARK [2][-]{subsection.5.4.6}{\376\377\0005\000.\0004\000.\0006\000\040\000B\000e\000h\000a\000v\000i\000o\000u\000r}{section.5.4}
\BOOKMARK [2][-]{subsection.5.4.7}{\376\377\0005\000.\0004\000.\0007\000\040\000E\000n\000v\000i\000r\000o\000n\000m\000e\000n\000t\000a\000l\000\040\000c\000o\000n\000d\000i\000t\000i\000o\000n\000s}{section.5.4}
\BOOKMARK [1][-]{section.5.5}{\376\377\0005\000.\0005\000\040\000V\000a\000r\000i\000a\000b\000i\000l\000i\000t\000y\000\040\000o\000v\000e\000r\000\040\000t\000i\000m\000e}{chapter.5}
\BOOKMARK [2][-]{subsection.5.5.1}{\376\377\0005\000.\0005\000.\0001\000\040\000T\000h\000e\000\040\000i\000m\000p\000r\000o\000v\000i\000n\000g\000\040\000f\000l\000e\000e\000t\000\040\000e\000f\000f\000i\000c\000i\000e\000n\000c\000y\000\040\000o\000f\000\040\000c\000a\000r\000s}{section.5.5}
\BOOKMARK [2][-]{subsection.5.5.2}{\376\377\0005\000.\0005\000.\0002\000\040\000M\000o\000d\000a\000l\000\040\000s\000h\000i\000f\000t}{section.5.5}
\BOOKMARK [2][-]{subsection.5.5.3}{\376\377\0005\000.\0005\000.\0003\000\040\000F\000u\000t\000u\000r\000e\000\040\000e\000f\000f\000i\000c\000i\000e\000n\000c\000y\000\040\000i\000m\000p\000r\000o\000v\000e\000m\000e\000n\000t\000s}{section.5.5}
\BOOKMARK [1][-]{section.5.6}{\376\377\0005\000.\0006\000\040\000V\000a\000r\000i\000a\000b\000i\000l\000i\000t\000y\000\040\000o\000v\000e\000r\000\040\000s\000p\000a\000c\000e\000:\000\040\000l\000o\000c\000a\000l\000\040\000f\000l\000e\000e\000t\000\040\000e\000f\000f\000i\000c\000i\000e\000n\000c\000i\000e\000s}{chapter.5}
\BOOKMARK [1][-]{section.5.7}{\376\377\0005\000.\0007\000\040\000F\000i\000n\000a\000l\000\040\000e\000n\000e\000r\000g\000y\000\040\000u\000s\000e\000\040\000e\000s\000t\000i\000m\000a\000t\000e\000s}{chapter.5}
\BOOKMARK [0][-]{chapter.6}{\376\377\0006\000\040\000T\000h\000e\000\040\000e\000n\000e\000r\000g\000y\000\040\000c\000o\000s\000t\000s\000\040\000o\000f\000\040\000c\000o\000m\000m\000u\000t\000i\000n\000g}{}
\BOOKMARK [1][-]{section.6.1}{\376\377\0006\000.\0001\000\040\000C\000o\000m\000m\000u\000t\000e\000r\000\040\000e\000n\000e\000r\000g\000y\000\040\000u\000s\000e\000\040\000a\000t\000\040\000t\000h\000e\000\040\000n\000a\000t\000i\000o\000n\000a\000l\000\040\000l\000e\000v\000e\000l}{chapter.6}
\BOOKMARK [1][-]{section.6.2}{\376\377\0006\000.\0002\000\040\000R\000e\000g\000i\000o\000n\000a\000l\000\040\000a\000n\000d\000\040\000s\000u\000b\000-\000r\000e\000g\000i\000o\000n\000a\000l\000\040\000p\000a\000t\000t\000e\000r\000n\000s}{chapter.6}
\BOOKMARK [1][-]{section.6.3}{\376\377\0006\000.\0003\000\040\000T\000o\000t\000a\000l\000\040\000c\000o\000m\000m\000u\000t\000i\000n\000g\000\040\000e\000n\000e\000r\000g\000y\000\040\000u\000s\000e\000\040\000a\000n\000d\000\040\000c\000o\000m\000p\000a\000r\000i\000s\000o\000n\000s\000\040\000w\000i\000t\000h\000\040\000o\000t\000h\000e\000r\000\040\000s\000e\000c\000t\000o\000r\000s}{chapter.6}
\BOOKMARK [1][-]{section.6.4}{\376\377\0006\000.\0004\000\040\000L\000o\000c\000a\000l\000\040\000a\000n\000d\000\040\000i\000n\000d\000i\000v\000i\000d\000u\000a\000l\000\040\000l\000e\000v\000e\000l\000\040\000v\000a\000r\000i\000a\000b\000i\000l\000i\000t\000y}{chapter.6}
\BOOKMARK [2][-]{subsection.6.4.1}{\376\377\0006\000.\0004\000.\0001\000\040\000A\000\040\000c\000a\000s\000e\000\040\000s\000t\000u\000d\000y\000\040\000f\000r\000o\000m\000\040\000S\000o\000u\000t\000h\000\040\000Y\000o\000r\000k\000s\000h\000i\000r\000e}{section.6.4}
\BOOKMARK [1][-]{section.6.5}{\376\377\0006\000.\0005\000\040\000A\000\040\000c\000o\000m\000p\000a\000r\000i\000s\000o\000n\000\040\000o\000f\000\040\000c\000o\000m\000m\000u\000t\000e\000r\000\040\000e\000n\000e\000r\000g\000y\000\040\000u\000s\000e\000\040\000i\000n\000\040\000E\000n\000g\000l\000a\000n\000d\000\040\000a\000n\000d\000\040\000t\000h\000e\000\040\000N\000e\000t\000h\000e\000r\000l\000a\000n\000d\000s}{chapter.6}
\BOOKMARK [2][-]{subsection.6.5.1}{\376\377\0006\000.\0005\000.\0001\000\040\000D\000a\000t\000a\000,\000\040\000m\000e\000t\000h\000o\000d\000\040\000a\000n\000d\000\040\000r\000e\000s\000u\000l\000t\000s}{section.6.5}
\BOOKMARK [2][-]{subsection.6.5.2}{\376\377\0006\000.\0005\000.\0002\000\040\000E\000x\000p\000l\000a\000i\000n\000i\000n\000g\000\040\000D\000u\000t\000c\000h\000\040\000c\000o\000m\000m\000u\000t\000e\000r\000\040\000e\000n\000e\000r\000g\000y\000\040\000u\000s\000e}{section.6.5}
\BOOKMARK [2][-]{subsection.6.5.3}{\376\377\0006\000.\0005\000.\0003\000\040\000D\000a\000t\000a\000\040\000i\000n\000c\000o\000n\000s\000i\000s\000t\000e\000n\000c\000i\000e\000s\000\040\000a\000n\000d\000\040\000c\000a\000v\000e\000a\000t\000s}{section.6.5}
\BOOKMARK [1][-]{section.6.6}{\376\377\0006\000.\0006\000\040\000D\000i\000s\000c\000u\000s\000s\000i\000o\000n}{chapter.6}
\BOOKMARK [0][-]{chapter.7}{\376\377\0007\000\040\000S\000o\000c\000i\000a\000l\000\040\000a\000n\000d\000\040\000s\000p\000a\000t\000i\000a\000l\000\040\000i\000n\000e\000q\000u\000a\000l\000i\000t\000i\000e\000s\000\040\000i\000n\000\040\000c\000o\000m\000m\000u\000t\000e\000r\000\040\000e\000n\000e\000r\000g\000y\000\040\000u\000s\000e}{}
\BOOKMARK [1][-]{section.7.1}{\376\377\0007\000.\0001\000\040\000T\000h\000e\000\040\000i\000m\000p\000o\000r\000t\000a\000n\000c\000e\000\040\000o\000f\000\040\000d\000i\000s\000t\000r\000i\000b\000u\000t\000i\000o\000n\000a\000l\000\040\000i\000m\000p\000a\000c\000t\000s\000\040\000i\000n\000\040\000t\000r\000a\000n\000s\000p\000o\000r\000t\000\040\000s\000t\000u\000d\000i\000e\000s}{chapter.7}
\BOOKMARK [1][-]{section.7.2}{\376\377\0007\000.\0002\000\040\000M\000o\000d\000e\000l\000\040\000i\000m\000p\000l\000e\000m\000e\000n\000t\000a\000t\000i\000o\000n}{chapter.7}
\BOOKMARK [1][-]{section.7.3}{\376\377\0007\000.\0003\000\040\000A\000s\000s\000i\000g\000n\000i\000n\000g\000\040\000w\000o\000r\000k\000\040\000l\000o\000c\000a\000t\000i\000o\000n}{chapter.7}
\BOOKMARK [1][-]{section.7.4}{\376\377\0007\000.\0004\000\040\000M\000o\000d\000e\000l\000\040\000v\000a\000l\000i\000d\000a\000t\000i\000o\000n}{chapter.7}
\BOOKMARK [1][-]{section.7.5}{\376\377\0007\000.\0005\000\040\000R\000e\000s\000u\000l\000t\000s}{chapter.7}
\BOOKMARK [1][-]{section.7.6}{\376\377\0007\000.\0006\000\040\000D\000i\000s\000c\000u\000s\000s\000i\000o\000n}{chapter.7}
\BOOKMARK [0][-]{chapter.8}{\376\377\0008\000\040\000S\000c\000e\000n\000a\000r\000i\000o\000s\000\040\000o\000f\000\040\000c\000h\000a\000n\000g\000e}{}
\BOOKMARK [1][-]{section.8.1}{\376\377\0008\000.\0001\000\040\000M\000o\000d\000a\000l\000\040\000s\000h\000i\000f\000t\000:\000\040\000`\000g\000o\000i\000n\000g\000\040\000D\000u\000t\000c\000h\000'}{chapter.8}
\BOOKMARK [2][-]{subsection.8.1.1}{\376\377\0008\000.\0001\000.\0001\000\040\000A\000n\000\040\000a\000g\000g\000r\000e\000g\000a\000t\000e\000\040\000l\000e\000v\000e\000l\000\040\000m\000o\000d\000e\000l\000\040\000o\000f\000\040\000m\000o\000d\000a\000l\000\040\000s\000h\000i\000f\000t}{section.8.1}
\BOOKMARK [2][-]{subsection.8.1.2}{\376\377\0008\000.\0001\000.\0002\000\040\000A\000\040\000s\000p\000a\000t\000i\000a\000l\000\040\000m\000i\000c\000r\000o\000s\000i\000m\000u\000l\000a\000t\000i\000o\000n\000\040\000i\000m\000p\000l\000e\000m\000e\000n\000t\000a\000t\000i\000o\000n}{section.8.1}
\BOOKMARK [2][-]{subsection.8.1.3}{\376\377\0008\000.\0001\000.\0003\000\040\000T\000a\000k\000i\000n\000g\000\040\000t\000h\000e\000\040\000s\000c\000e\000n\000a\000r\000i\000o\000\040\000f\000u\000r\000t\000h\000e\000r}{section.8.1}
\BOOKMARK [1][-]{section.8.2}{\376\377\0008\000.\0002\000\040\000R\000e\000d\000u\000c\000i\000n\000g\000\040\000c\000o\000m\000m\000u\000t\000e\000\040\000f\000r\000e\000q\000u\000e\000n\000c\000y\000:\000\040\000`\000g\000o\000i\000n\000g\000\040\000F\000i\000n\000n\000i\000s\000h\000'}{chapter.8}
\BOOKMARK [1][-]{section.8.3}{\376\377\0008\000.\0003\000\040\000R\000e\000d\000u\000c\000t\000i\000o\000n\000\040\000i\000n\000\040\000c\000o\000m\000m\000u\000t\000e\000\040\000d\000i\000s\000t\000a\000n\000c\000e\000:\000\040\000`\000e\000c\000o\000-\000l\000o\000c\000a\000l\000i\000s\000a\000t\000i\000o\000n\000'}{chapter.8}
\BOOKMARK [1][-]{section.8.4}{\376\377\0008\000.\0004\000\040\000O\000i\000l\000\040\000v\000u\000l\000n\000e\000r\000a\000b\000i\000l\000i\000t\000y}{chapter.8}
\BOOKMARK [2][-]{subsection.8.4.1}{\376\377\0008\000.\0004\000.\0001\000\040\000M\000e\000t\000r\000i\000c\000s\000\040\000o\000f\000\040\000v\000u\000l\000n\000e\000r\000a\000b\000i\000l\000i\000t\000y\000:\000\040\000r\000e\000s\000o\000u\000r\000c\000e\000s\000,\000\040\000j\000o\000b\000s\000,\000\040\000m\000o\000n\000e\000y}{section.8.4}
\BOOKMARK [2][-]{subsection.8.4.2}{\376\377\0008\000.\0004\000.\0002\000\040\000R\000e\000s\000u\000l\000t\000s\000:\000\040\000t\000r\000i\000p\000s\000,\000\040\000d\000i\000s\000t\000a\000n\000c\000e\000\040\000a\000n\000d\000\040\000e\000n\000e\000r\000g\000y\000\040\000u\000s\000e}{section.8.4}
\BOOKMARK [2][-]{subsection.8.4.3}{\376\377\0008\000.\0004\000.\0003\000\040\000L\000o\000c\000a\000l\000\040\000a\000n\000d\000\040\000i\000n\000d\000i\000v\000i\000d\000u\000a\000l\000\040\000l\000e\000v\000e\000l\000\040\000r\000e\000s\000u\000l\000t\000s}{section.8.4}
\BOOKMARK [1][-]{section.8.5}{\376\377\0008\000.\0005\000\040\000D\000i\000s\000c\000u\000s\000s\000i\000o\000n\000:\000\040\000p\000o\000l\000i\000c\000y\000\040\000r\000e\000l\000e\000v\000a\000n\000c\000e\000\040\000a\000n\000d\000\040\000l\000i\000m\000i\000t\000a\000t\000i\000o\000n\000s}{chapter.8}
\BOOKMARK [2][-]{subsection.8.5.1}{\376\377\0008\000.\0005\000.\0001\000\040\000P\000o\000l\000i\000c\000y\000\040\000r\000e\000l\000e\000v\000a\000n\000c\000e\000\040\000o\000f\000\040\000f\000i\000n\000d\000i\000n\000g\000s}{section.8.5}
\BOOKMARK [2][-]{subsection.8.5.2}{\376\377\0008\000.\0005\000.\0002\000\040\000L\000i\000m\000i\000t\000a\000t\000i\000o\000n\000s\000\040\000o\000f\000\040\000t\000h\000e\000\040\000a\000p\000p\000r\000o\000a\000c\000h}{section.8.5}
\BOOKMARK [0][-]{chapter.9}{\376\377\0009\000\040\000C\000o\000n\000c\000l\000u\000s\000i\000o\000n\000s}{}
\BOOKMARK [1][-]{section.9.1}{\376\377\0009\000.\0001\000\040\000M\000e\000t\000h\000o\000d\000o\000l\000o\000g\000i\000c\000a\000l\000\040\000c\000o\000n\000t\000r\000i\000b\000u\000t\000i\000o\000n}{chapter.9}
\BOOKMARK [1][-]{section.9.2}{\376\377\0009\000.\0002\000\040\000P\000o\000l\000i\000c\000y\000\040\000r\000e\000l\000e\000v\000a\000n\000c\000e\000\040\000a\000n\000d\000\040\000l\000i\000m\000i\000t\000a\000t\000i\000o\000n\000s}{chapter.9}
\BOOKMARK [1][-]{section.9.3}{\376\377\0009\000.\0003\000\040\000S\000u\000m\000m\000a\000r\000y\000\040\000o\000f\000\040\000f\000i\000n\000d\000i\000n\000g\000s}{chapter.9}
\BOOKMARK [1][-]{section.9.4}{\376\377\0009\000.\0004\000\040\000F\000u\000r\000t\000h\000e\000r\000\040\000w\000o\000r\000k}{chapter.9}
\BOOKMARK [1][-]{section.9.5}{\376\377\0009\000.\0005\000\040\000T\000h\000e\000s\000i\000s\000\040\000e\000v\000a\000l\000u\000a\000t\000i\000o\000n\000\040\000a\000n\000d\000\040\000s\000u\000m\000m\000a\000r\000y}{chapter.9}
\BOOKMARK [0][-]{dummy.7}{\376\377\000B\000i\000b\000l\000i\000o\000g\000r\000a\000p\000h\000y}{}
\BOOKMARK [0][-]{section*.186}{\376\377\000I\000n\000d\000e\000x}{}
